This is pdfTeX, Version 3.14159265-2.6-1.40.20 (TeX Live 2019/Debian) (preloaded format=pdflatex 2021.12.22)  30 OCT 2022 16:36
entering extended mode
 restricted \write18 enabled.
 %&-line parsing enabled.
**page_de_garde_tech.tex
(./page_de_garde_tech.tex
LaTeX2e <2020-02-02> patch level 2
L3 programming layer <2020-02-14>)
Runaway argument?
{ \begin {titlepage} \large {\@UV }\\ \vfill \large {\@nomUV } \end {\ETC.
! File ended while scanning use of \@argdef.
<inserted text> 
                \par 
<*> page_de_garde_tech.tex
                          
I suspect you have forgotten a `}', causing me
to read past where you wanted me to stop.
I'll try to recover; but if the error is serious,
you'd better type `E' or `X' now and fix your file.

! Emergency stop.
<*> page_de_garde_tech.tex
                          
*** (job aborted, no legal \end found)

 
Here is how much of TeX's memory you used:
 24 strings out of 483154
 480 string characters out of 5965022
 231698 words of memory out of 5000000
 15150 multiletter control sequences out of 15000+600000
 532338 words of font info for 24 fonts, out of 8000000 for 9000
 14 hyphenation exceptions out of 8191
 12i,0n,15p,67b,8s stack positions out of 5000i,500n,10000p,200000b,80000s
!  ==> Fatal error occurred, no output PDF file produced!
